<?xml version="1.0" encoding="UTF-8"?>
<!-- Generated by org.testng.reporters.JUnitReportReporter -->
<testsuite skipped="0" hostname="Mukhesh" name="com.netbanking.testCases.TC_AddCustomer_003" tests="1" failures="0" timestamp="11 Jul 2019 05:38:34 GMT" time="17.228" errors="0">
  <testcase name="addNewCustomer" time="17.228" classname="com.netbanking.testCases.TC_AddCustomer_003"/>
</testsuite> <!-- com.netbanking.testCases.TC_AddCustomer_003 -->
