<?xml version="1.0" encoding="UTF-8"?>
<!-- Generated by org.testng.reporters.JUnitReportReporter -->
<testsuite skipped="0" hostname="Mukhesh" name="com.netbanking.testCases.TC_LoginTest_001" tests="1" failures="0" timestamp="13 Jul 2019 15:42:56 GMT" time="1.705" errors="0">
  <testcase name="loginTest" time="1.705" classname="com.netbanking.testCases.TC_LoginTest_001"/>
</testsuite> <!-- com.netbanking.testCases.TC_LoginTest_001 -->
